[LOGGER STARTED]

ROCKETMAN: Found assembly with name of <color=red>Gagarin</color> and file name of <color=red>Gagarin.dll</color>

ROCKETMAN: Resolved assembly Gagarin, Version=1.0.0.0, Culture=neutral, PublicKeyToken=null and symbols state is False

ROCKETMAN: Create resolve event handler

ROCKETMAN: Assembly is currently [valid=True] and Named Gagarin, Version=1.0.0.0, Culture=neutral, PublicKeyToken=null

ROCKETMAN: Found assembly with name of <color=red>Proton</color> and file name of <color=red>Proton.dll</color>

ROCKETMAN: Resolved assembly Proton, Version=1.0.0.0, Culture=neutral, PublicKeyToken=null and symbols state is False

ROCKETMAN: Create resolve event handler

ROCKETMAN: Assembly is currently [valid=True] and Named Proton, Version=1.0.0.0, Culture=neutral, PublicKeyToken=null

ROCKETMAN: Found assembly with name of <color=red>Soyuz</color> and file name of <color=red>Soyuz.dll</color>

ROCKETMAN: Resolved assembly Soyuz, Version=1.0.0.0, Culture=neutral, PublicKeyToken=null and symbols state is False

ROCKETMAN: Create resolve event handler

ROCKETMAN: Assembly is currently [valid=True] and Named Soyuz, Version=1.0.0.0, Culture=neutral, PublicKeyToken=null

ROCKETMAN: Found action with attribute OnStaticConstructor, StartupHelper:StartUpFinished

ROCKETMAN: Found action with attribute OnDefsLoaded, KeyBinder:Start

ROCKETMAN: Found action with attribute OnDefsLoaded, RocketMod:UpdateExceptions

ROCKETMAN: Found action with attribute OnDefsLoaded, Analyzer_H_AlertsReadoutUpdate_Patch:Patch

ROCKETMAN: Found action with attribute OnDefsLoaded, ProtonPatcher:PatchAll

ROCKETMAN: Found action with attribute OnDefsLoaded, SoyuzPatcher:PatchAll

ROCKETMAN: Found action with attribute OnTickRare, DebugMenuActions:TickRare2

ROCKETMAN: Found action with attribute OnTickRare, DebugMenuActions:TickRare3

ROCKETMAN: Found action with attribute OnTickRare, RocketMod:UpdateExceptions

ROCKETMAN: Found action with attribute OnTickRare, WorldReachability_CanReach_Patch:FlushMessages

ROCKETMAN: Found action with attribute OnTickRarer, DebugMenuActions:TickRare1

ROCKETMAN: Found action with attribute OnTickLonger, Text_Patch:ClearCache

ROCKETMAN: Found function with attribute YieldTabContent, TabContent_Alerts:YieldTab

ROCKETMAN: Found function with attribute YieldTabContent, TabContent_DilationSettings:YieldTab

ROCKETMAN: Found function with attribute YieldTabContent, TabContent_Grapher:YieldTab

ROCKETMAN: Found function with attribute YieldTabContent, TabContent_WorldPawns:YieldTab

ROCKETMAN: Found action with attribute OnScribe, StatSettingsUtility:OnScribe

ROCKETMAN: Found action with attribute OnScribe, ProtonSettingsUtility:OnScribe

ROCKETMAN: Found action with attribute OnScribe, SoyuzSettingsUtility:OnScribe

ROCKETMAN: Found action with attribute OnSettingsScribedLoaded, StatSettingsUtility:OnSettingsScribedLoaded

ROCKETMAN: Found action with attribute OnSettingsScribedLoaded, SoyuzSettingsUtility:OnSettingsScribedLoaded

ROCKETMAN: Found action with attribute OnStaticConstructor, StartupHelper:StartUpFinished

ROCKETMAN: Found action with attribute OnInitialization, GagarinPatcher:PatchAll

ROCKETMAN: Found action with attribute OnInitialization, LoadableXmlAsset_Constructor_Patch:Start

ROCKETMAN: Found action with attribute OnInitialization, StartupHelper:StartUpStarted

ROCKETMAN: Found action with attribute OnInitialization, AlertsReadout_Constructor_Patch:Patch

ROCKETMAN: Found action with attribute OnInitialization, ProtonPatcher:Intialize

ROCKETMAN: Found action with attribute OnInitialization, ContextualExtensions:Initialize

ROCKETMAN: Found action with attribute OnInitialization, SoyuzPatcher:Intialize

Gagarin:[NOTANERROR] patching TKeySystem:Void Parse(System.Xml.XmlDocument) finished!

Gagarin:[NOTANERROR] patching DirectXmlLoader:Verse.Def DefFromNode(System.Xml.XmlNode, Verse.LoadableXmlAsset) finished!

Gagarin:[NOTANERROR] patching LoadedModManager:System.Collections.Generic.List`1[Verse.LoadableXmlAsset] LoadModXML() finished!

Gagarin:[NOTANERROR] patching TKeySystem:Void Parse(System.Xml.XmlDocument) finished!

Gagarin:[NOTANERROR] patching LoadedModManager:Void ClearCachedPatches() finished!

Gagarin:[NOTANERROR] patching LoadedModManager:Void ApplyPatches(System.Xml.XmlDocument, System.Collections.Generic.Dictionary`2[System.Xml.XmlNode,Verse.LoadableXmlAsset]) finished!

Gagarin:[NOTANERROR] patching LoadedModManager:Void ParseAndProcessXML(System.Xml.XmlDocument, System.Collections.Generic.Dictionary`2[System.Xml.XmlNode,Verse.LoadableXmlAsset]) finished!

Gagarin:[NOTANERROR] patching LoadedModManager:System.Xml.XmlDocument CombineIntoUnifiedXML(System.Collections.Generic.List`1[Verse.LoadableXmlAsset], System.Collections.Generic.Dictionary`2[System.Xml.XmlNode,Verse.LoadableXmlAsset]) finished!

Gagarin:[NOTANERROR] patching ModContentPack:System.Collections.Generic.IEnumerable`1[Verse.LoadableXmlAsset] LoadDefs() finished!

Gagarin:[NOTANERROR] patching ModsConfig:Void Reset() finished!

Gagarin:[NOTANERROR] patching LoadedModManager:System.Collections.Generic.List`1[Verse.LoadableXmlAsset] LoadModXML() finished!

Gagarin:[NOTANERROR] patching LoadedModManager:System.Xml.XmlDocument CombineIntoUnifiedXML(System.Collections.Generic.List`1[Verse.LoadableXmlAsset], System.Collections.Generic.Dictionary`2[System.Xml.XmlNode,Verse.LoadableXmlAsset]) finished!

Gagarin:[NOTANERROR] patching LoadedModManager:Void ApplyPatches(System.Xml.XmlDocument, System.Collections.Generic.Dictionary`2[System.Xml.XmlNode,Verse.LoadableXmlAsset]) finished!

Gagarin:[NOTANERROR] patching LoadedModManager:Void ParseAndProcessXML(System.Xml.XmlDocument, System.Collections.Generic.Dictionary`2[System.Xml.XmlNode,Verse.LoadableXmlAsset]) finished!

Gagarin:[NOTANERROR] patching LoadedModManager:Void ClearCachedPatches() finished!

Gagarin:[NOTANERROR] patching XmlInheritance:Void Resolve() finished!

PROTON:[NOTANERROR] patching AlertsReadout:Void AlertsReadoutOnGUI() finished!

PROTON:[NOTANERROR] patching AlertsReadout:Void AlertsReadoutUpdate() finished!

PROTON:[NOTANERROR] patching Alert_MajorOrExtremeBreakRisk:Void .ctor() finished!

PROTON:[NOTANERROR] patching Alert_Hypothermia:Void .ctor() finished!

PROTON:[NOTANERROR] patching Alert_ColonistNeedsRescuing:Void .ctor() finished!

PROTON:[NOTANERROR] patching Alert_LifeThreateningHediff:Void .ctor() finished!

PROTON:[NOTANERROR] patching Alert_FireInHomeArea:Void .ctor() finished!

PROTON:[NOTANERROR] patching Alert_ImmobileCaravan:Void .ctor() finished!

PROTON:[NOTANERROR] patching Alert_DisallowedBuildingInsideMonument:Void .ctor() finished!

PROTON:[NOTANERROR] patching Alert_HypothermicAnimals:Void .ctor() finished!

PROTON:[NOTANERROR] patching Alert_MinorBreakRisk:Void .ctor() finished!

PROTON:[NOTANERROR] patching Alert_BestowerWaiting:Void .ctor() finished!

PROTON:[NOTANERROR] patching Alert_NeedDefenses:Void .ctor() finished!

PROTON:[NOTANERROR] patching Alert_QuestExpiresSoon:Void .ctor() finished!

PROTON:[NOTANERROR] patching Alert_NeedDoctor:Void .ctor() finished!

PROTON:[NOTANERROR] patching Alert_NeedMiner:Void .ctor() finished!

PROTON:[NOTANERROR] patching Alert_NeedWarden:Void .ctor() finished!

PROTON:[NOTANERROR] patching Alert_LowFood:Void .ctor() finished!

PROTON:[NOTANERROR] patching Alert_LowMedicine:Void .ctor() finished!

PROTON:[NOTANERROR] patching Alert_NeedWarmClothes:Void .ctor() finished!

PROTON:[NOTANERROR] patching Alert_NeedColonistBeds:Void .ctor() finished!

PROTON:[NOTANERROR] patching Alert_ColonistLeftUnburied:Void .ctor() finished!

PROTON:[NOTANERROR] patching Alert_HunterLacksRangedWeapon:Void .ctor() finished!

PROTON:[NOTANERROR] patching Alert_ColonistNeedsTend:Void .ctor() finished!

PROTON:[NOTANERROR] patching Alert_StarvationColonists:Void .ctor() finished!

PROTON:[NOTANERROR] patching Alert_Exhaustion:Void .ctor() finished!

PROTON:[NOTANERROR] patching Alert_Heatstroke:Void .ctor() finished!

PROTON:[NOTANERROR] patching Alert_PasteDispenserNeedsHopper:Void .ctor() finished!

PROTON:[NOTANERROR] patching Alert_ActivatorCountdown:Void .ctor() finished!

PROTON:[NOTANERROR] patching Alert_ColonistsIdle:Void .ctor() finished!

PROTON:[NOTANERROR] patching Alert_CaravanIdle:Void .ctor() finished!

PROTON:[NOTANERROR] patching Alert_RoyalNoThroneAssigned:Void .ctor() finished!

PROTON:[NOTANERROR] patching Alert_UndignifiedThroneroom:Void .ctor() finished!

PROTON:[NOTANERROR] patching Alert_UndignifiedBedroom:Void .ctor() finished!

PROTON:[NOTANERROR] patching Alert_TitleRequiresBedroom:Void .ctor() finished!

PROTON:[NOTANERROR] patching Alert_RoyalNoAcceptableFood:Void .ctor() finished!

PROTON:[NOTANERROR] patching Alert_ThroneroomInvalidConfiguration:Void .ctor() finished!

PROTON:[NOTANERROR] patching Alert_NeedMealSource:Void .ctor() finished!

PROTON:[NOTANERROR] patching Alert_NeedJoySources:Void .ctor() finished!

PROTON:[NOTANERROR] patching Alert_Boredom:Void .ctor() finished!

PROTON:[NOTANERROR] patching Alert_NeedBatteries:Void .ctor() finished!

PROTON:[NOTANERROR] patching Alert_NeedResearchProject:Void .ctor() finished!

PROTON:[NOTANERROR] patching Alert_AwaitingMedicalOperation:Void .ctor() finished!

PROTON:[NOTANERROR] patching Alert_BrawlerHasRangedWeapon:Void .ctor() finished!

PROTON:[NOTANERROR] patching Alert_ShieldUserHasRangedWeapon:Void .ctor() finished!

PROTON:[NOTANERROR] patching Alert_StarvationAnimals:Void .ctor() finished!

PROTON:[NOTANERROR] patching Alert_BilliardsTableOnWall:Void .ctor() finished!

PROTON:[NOTANERROR] patching Alert_CannotBeUsedRoofed:Void .ctor() finished!

PROTON:[NOTANERROR] patching Alert_HunterHasShieldAndRangedWeapon:Void .ctor() finished!

PROTON:[NOTANERROR] patching Alert_MonumentMarkerMissingBlueprints:Void .ctor() finished!

PROTON:[NOTANERROR] patching Alert_ShuttleLandingBeaconUnusable:Void .ctor() finished!

PROTON:[NOTANERROR] patching Alert_NeedMeditationSpot:Void .ctor() finished!

PROTON:[NOTANERROR] patching Alert_UnusableMeditationFocus:Void .ctor() finished!

PROTON:[NOTANERROR] patching Alert_TatteredApparel:Void .ctor() finished!

PROTON:[NOTANERROR] patching Alert_UnhappyNudity:Void .ctor() finished!

PROTON:[NOTANERROR] patching Alert_PermitAvailable:Void .ctor() finished!

PROTON:[NOTANERROR] patching Alert_ToxicFallout:Void .ctor() finished!

PROTON:[NOTANERROR] patching Alert_BlockedSewer:Void .ctor() finished!

PROTON:[NOTANERROR] patching Alert_WaterTemp:Void .ctor() finished!

PROTON:[NOTANERROR] patching Alert_ContamLevels:Void .ctor() finished!

PROTON:[NOTANERROR] patching Alert_ContaminatedTower:Void .ctor() finished!

PROTON:[NOTANERROR] patching Alert_MissingPump:Void .ctor() finished!

PROTON:[NOTANERROR] patching Alert_MissingWell:Void .ctor() finished!

PROTON:[NOTANERROR] patching Alert_MissingTower:Void .ctor() finished!

PROTON:[NOTANERROR] patching Alert_LowMechanoidParts:Void .ctor() finished!

PROTON:[NOTANERROR] patching Alert_RogueAI_MoodVeryLow:Void .ctor() finished!

PROTON:[NOTANERROR] patching Alert_RogueAI_MoodLow:Void .ctor() finished!

PROTON:[NOTANERROR] patching Alert_RogueAI_NoPower:Void .ctor() finished!

PROTON:[NOTANERROR] patching Alert_RogueAI_DrainingMood:Void .ctor() finished!

PROTON:[NOTANERROR] patching Alert_EmergencySignalCooldown:Void .ctor() finished!

PROTON:[NOTANERROR] patching Alert_EmergencySignalTransmitted:Void .ctor() finished!

PROTON:[NOTANERROR] patching Alert_MaintenanceLow:Void .ctor() finished!

PROTON:[NOTANERROR] patching Alert_MaintenanceVeryLow:Void .ctor() finished!

PROTON:[NOTANERROR] patching Alert_NotEnoughPlatforms:Void .ctor() finished!

PROTON:[NOTANERROR] patching Alert_PowerLow:Void .ctor() finished!

PROTON:[NOTANERROR] patching Alert_ColonistHasShieldAndTwoHandedWeapon:Void .ctor() finished!

PROTON:[NOTANERROR] patching Alert_NoDropAnimal:Void .ctor() finished!

PROTON:[NOTANERROR] patching Alert_MissingSidearm:Void .ctor() finished!

PROTON:[NOTANERROR] patching Alert_Homesick:Void .ctor() finished!

PROTON:[NOTANERROR] patching Alert_CliqueMembers:Void .ctor() finished!

PROTON:[NOTANERROR] patching Alert_ColonistsBittenByZombie:Void .ctor() finished!

PROTON:[NOTANERROR] patching Alert_ImminentZombiInfection:Void .ctor() finished!

PROTON:[NOTANERROR] patching Alert_ZombieInfection:Void .ctor() finished!

PROTON:[NOTANERROR] patching Alert_DaysUntilSpawning:Void .ctor() finished!

PROTON:[NOTANERROR] patching Alert_Individuality:Void .ctor() finished!

PROTON:[NOTANERROR] patching Alert_StatsLearning:Void .ctor() finished!

SOYUZ:[NOTANERROR] patching Caravan_NeedsTracker:Void TrySatisfyJoyNeed(Verse.Pawn, RimWorld.Need_Joy) finished!

SOYUZ:[NOTANERROR] patching Gen:Boolean IsHashIntervalTick(Verse.Thing, Int32) finished!

SOYUZ:[NOTANERROR] patching Pawn_PsychicEntropyTracker:Void PsychicEntropyTrackerTick() finished!

SOYUZ:[NOTANERROR] patching CameraDriver:Void Update() finished!

SOYUZ:[NOTANERROR] patching Hediff:Single get_BleedRate() finished!

SOYUZ:[NOTANERROR] patching Hediff:Void Tick() finished!

SOYUZ:[NOTANERROR] patching Hediff_Pregnant:Void Tick() finished!

SOYUZ:[NOTANERROR] patching ImmunityRecord:Single ImmunityChangePerTick(Verse.Pawn, Boolean, Verse.Hediff) finished!

SOYUZ:[NOTANERROR] patching JobDriver:Void DriverTick() finished!

SOYUZ:[NOTANERROR] patching MentalState:Void MentalStateTick() finished!

SOYUZ:[NOTANERROR] patching MentalState:Void MentalStateTick() finished!

SOYUZ:[NOTANERROR] patching Need_Rest:Void TickResting(Single) finished!

SOYUZ:[NOTANERROR] patching Pawn_AgeTracker:Void AgeTick() finished!

SOYUZ:[NOTANERROR] patching Pawn_CallTracker:Void CallTrackerTick() finished!

SOYUZ:[NOTANERROR] patching Pawn_HealthTracker:Void HealthTick() finished!

SOYUZ:[NOTANERROR] patching Pawn_JobTracker:Void JobTrackerTick() finished!

SOYUZ:[NOTANERROR] patching Pawn_MindState:Void MindStateTick() finished!

SOYUZ:[NOTANERROR] patching Pawn_NeedsTracker:Void NeedsTrackerTick() finished!

SOYUZ:[NOTANERROR] patching Pawn:Void Tick() finished!

SOYUZ:[NOTANERROR] patching Pawn_RecordsTracker:Void RecordsTick() finished!

SOYUZ:[NOTANERROR] patching Pawn_SkillTracker:Void SkillsTick() finished!

SOYUZ:[NOTANERROR] patching Hediff:Void Tick() finished!

SOYUZ:[NOTANERROR] patching Hediff_Alcohol:Void Tick() finished!

SOYUZ:[NOTANERROR] patching Hediff_ImplantWithLevel:Void Tick() finished!

SOYUZ:[NOTANERROR] patching Hediff_Injury:Void Tick() finished!

SOYUZ:[NOTANERROR] patching Hediff_MissingPart:Void Tick() finished!

SOYUZ:[NOTANERROR] patching Hediff_Pregnant:Void Tick() finished!

SOYUZ:[NOTANERROR] patching Hediff_HeartAttack:Void Tick() finished!

SOYUZ:[NOTANERROR] patching Hediff_AcidBuildup:Void Tick() finished!

SOYUZ:[NOTANERROR] patching Hediff_FasterMovement:Void Tick() finished!

SOYUZ:[NOTANERROR] patching Hediff_MechanoidUplink:Void Tick() finished!

SOYUZ:[NOTANERROR] patching Hediff_Chemshined:Void Tick() finished!

SOYUZ:[NOTANERROR] patching Hediff_Thief:Void Tick() finished!

SOYUZ:[NOTANERROR] patching Hediff_Saboteur:Void Tick() finished!

SOYUZ:[NOTANERROR] patching Hediff_Injury_ZombieBite:Void Tick() finished!

SOYUZ:[NOTANERROR] patching Hediff_PlannedDate:Void Tick() finished!

SOYUZ:[NOTANERROR] patching Hediff_Mayor:Void Tick() finished!

SOYUZ:[NOTANERROR] patching Hediff_Funeral:Void Tick() finished!

SOYUZ:[NOTANERROR] patching Hediff_Conversation:Void Tick() finished!

SOYUZ:[NOTANERROR] patching Hediff_Anxiety:Void Tick() finished!

SOYUZ:[NOTANERROR] patching HediffComp_CauseMentalState:Void CompPostTick(Single ByRef) finished!

SOYUZ:[NOTANERROR] patching HediffComp_ChanceToRemove:Void CompPostTick(Single ByRef) finished!

SOYUZ:[NOTANERROR] patching HediffComp_ChangeImplantLevel:Void CompPostTick(Single ByRef) finished!

SOYUZ:[NOTANERROR] patching HediffComp_ChangeNeed:Void CompPostTick(Single ByRef) finished!

SOYUZ:[NOTANERROR] patching HediffComp_DamageBrain:Void CompPostTick(Single ByRef) finished!

SOYUZ:[NOTANERROR] patching HediffComp_Disappears:Void CompPostTick(Single ByRef) finished!

SOYUZ:[NOTANERROR] patching HediffComp_Discoverable:Void CompPostTick(Single ByRef) finished!

SOYUZ:[NOTANERROR] patching HediffComp_Disorientation:Void CompPostTick(Single ByRef) finished!

SOYUZ:[NOTANERROR] patching HediffComp_GrowthMode:Void CompPostTick(Single ByRef) finished!

SOYUZ:[NOTANERROR] patching HediffComp_HealPermanentWounds:Void CompPostTick(Single ByRef) finished!

SOYUZ:[NOTANERROR] patching HediffComp_Infecter:Void CompPostTick(Single ByRef) finished!

SOYUZ:[NOTANERROR] patching HediffComp_KillAfterDays:Void CompPostTick(Single ByRef) finished!

SOYUZ:[NOTANERROR] patching HediffComp_Link:Void CompPostTick(Single ByRef) finished!

SOYUZ:[NOTANERROR] patching HediffComp_SelfHeal:Void CompPostTick(Single ByRef) finished!

SOYUZ:[NOTANERROR] patching HediffComp_SeverityFromEntropy:Void CompPostTick(Single ByRef) finished!

SOYUZ:[NOTANERROR] patching HediffComp_SkillDecay:Void CompPostTick(Single ByRef) finished!

SOYUZ:[NOTANERROR] patching HediffComp_TendDuration:Void CompPostTick(Single ByRef) finished!

SOYUZ:[NOTANERROR] patching HediffComp_VerbGiver:Void CompPostTick(Single ByRef) finished!

SOYUZ:[NOTANERROR] patching HediffComp_SeverityPerDay:Void CompPostTick(Single ByRef) finished!

SOYUZ:[NOTANERROR] patching HediffComp_PsychicHarmonizer:Void CompPostTick(Single ByRef) finished!

SOYUZ:[NOTANERROR] patching HediffCompDamageOverTime:Void CompPostTick(Single ByRef) finished!

SOYUZ:[NOTANERROR] patching HeddifComp_MightJoin:Void CompPostTick(Single ByRef) finished!

SOYUZ:[NOTANERROR] patching HeddifComp_StandOff:Void CompPostTick(Single ByRef) finished!

SOYUZ:[NOTANERROR] patching HeddifComp_Traitor:Void CompPostTick(Single ByRef) finished!

SOYUZ:[NOTANERROR] patching HediffComp_WhileHavingThoughts:Void CompPostTick(Single ByRef) finished!

SOYUZ:[NOTANERROR] patching HediffComp_Stabilize:Void CompPostTick(Single ByRef) finished!

SOYUZ:[NOTANERROR] patching HediffComp_Venom:Void CompPostTick(Single ByRef) finished!

SOYUZ:[NOTANERROR] patching HediffComp_Prometheum:Void CompPostTick(Single ByRef) finished!

SOYUZ:[NOTANERROR] patching HediffComp_InfecterCE:Void CompPostTick(Single ByRef) finished!

SOYUZ:[NOTANERROR] patching HediffComp_ChanceToRemove:Void CompPostTick(Single ByRef) finished!

SOYUZ:[NOTANERROR] patching HediffComp_ChangeNeed:Void CompPostTick(Single ByRef) finished!

SOYUZ:[NOTANERROR] patching HediffComp_Disappears:Void CompPostTick(Single ByRef) finished!

SOYUZ:[NOTANERROR] patching HediffComp_Discoverable:Void CompPostTick(Single ByRef) finished!

SOYUZ:[NOTANERROR] patching HediffComp_HealPermanentWounds:Void CompPostTick(Single ByRef) finished!

SOYUZ:[NOTANERROR] patching HediffComp_Infecter:Void CompPostTick(Single ByRef) finished!

SOYUZ:[NOTANERROR] patching HediffComp_SelfHeal:Void CompPostTick(Single ByRef) finished!

SOYUZ:[NOTANERROR] patching HediffComp_TendDuration:Void CompPostTick(Single ByRef) finished!

SOYUZ:[NOTANERROR] patching Pawn_PathFollower:Single CostToPayThisTick() finished!

SOYUZ:[NOTANERROR] patching Pawn_PathFollower:Void SetupMoveIntoNextCell() finished!

SOYUZ:[NOTANERROR] patching WorldPawns:Void ExposeData() finished!

SOYUZ:[NOTANERROR] patching WorldPawns:Void DoMothballProcessing() finished!

SOYUZ:[NOTANERROR] patching WorldPawns:Void AddPawn(Verse.Pawn) finished!

SOYUZ:[NOTANERROR] patching WorldPawns:Void Notify_PawnDestroyed(Verse.Pawn) finished!

SOYUZ:[NOTANERROR] patching WorldPawns:Void RemovePawn(Verse.Pawn) finished!

SOYUZ:[NOTANERROR] patching WorldPawns:Boolean ShouldAutoTendTo(Verse.Pawn) finished!

SOYUZ:[NOTANERROR] patching WorldPawns:Void WorldPawnsTick() finished!

ROCKETMAN:[NOTANERROR] patching DebugWindowsOpener:Void .ctor() finished!

ROCKETMAN:[NOTANERROR] patching MainMenuDrawer:Void DoMainMenuControls(UnityEngine.Rect, Boolean) finished!

ROCKETMAN:[NOTANERROR] patching Pawn_TimetableTracker:RimWorld.TimeAssignmentDef GetAssignment(Int32) finished!

ROCKETMAN:[NOTANERROR] patching TickManager:Single get_TickRateMultiplier() finished!

ROCKETMAN:[NOTANERROR] patching TickManager:Void Notify_GeneratedPotentiallyHostileMap() finished!

ROCKETMAN:[NOTANERROR] patching TickManager:Void TickManagerUpdate() finished!

ROCKETMAN:[NOTANERROR] patching TimeSlower:Void SignalForceNormalSpeed() finished!

ROCKETMAN:[NOTANERROR] patching TimeSlower:Void SignalForceNormalSpeedShort() finished!

ROCKETMAN:[NOTANERROR] patching FloatMenuMakerMap:Void AddJobGiverWorkOrders_NewTmp(UnityEngine.Vector3, Verse.Pawn, System.Collections.Generic.List`1[Verse.FloatMenuOption], Boolean) finished!

ROCKETMAN:[NOTANERROR] patching PlayLog:Void ReduceToCapacity() finished!

ROCKETMAN:[NOTANERROR] patching StatPart_ApparelStatOffset:Void TransformValue(RimWorld.StatRequest, Single ByRef) finished!

ROCKETMAN:[NOTANERROR] patching StatWorker:Single GetValueUnfinalized(RimWorld.StatRequest, Boolean) finished!

ROCKETMAN:[NOTANERROR] patching BeautyUtility:Single CellBeauty(Verse.IntVec3, Verse.Map, System.Collections.Generic.List`1[Verse.Thing]) finished!

ROCKETMAN:[NOTANERROR] patching BeautyUtility:Single AverageBeautyPerceptible(Verse.IntVec3, Verse.Map) finished!

ROCKETMAN:[NOTANERROR] patching StatExtension:Single GetStatValue(Verse.Thing, RimWorld.StatDef, Boolean) finished!

ROCKETMAN:[NOTANERROR] patching StatWorker:Single GetValue(RimWorld.StatRequest, Boolean) finished!

ROCKETMAN:[NOTANERROR] patching StatPart_AddedBodyPartsMass:Void TransformValue(RimWorld.StatRequest, Single ByRef) finished!

ROCKETMAN:[NOTANERROR] patching StatPart_Age:Void TransformValue(RimWorld.StatRequest, Single ByRef) finished!

ROCKETMAN:[NOTANERROR] patching StatPart_ApparelStatOffset:Void TransformValue(RimWorld.StatRequest, Single ByRef) finished!

ROCKETMAN:[NOTANERROR] patching StatPart_BedStat:Void TransformValue(RimWorld.StatRequest, Single ByRef) finished!

ROCKETMAN:[NOTANERROR] patching StatPart_Biocoded:Void TransformValue(RimWorld.StatRequest, Single ByRef) finished!

ROCKETMAN:[NOTANERROR] patching StatPart_BodySize:Void TransformValue(RimWorld.StatRequest, Single ByRef) finished!

ROCKETMAN:[NOTANERROR] patching StatPart_Difficulty:Void TransformValue(RimWorld.StatRequest, Single ByRef) finished!

ROCKETMAN:[NOTANERROR] patching StatPart_Difficulty_ButcherYield:Void TransformValue(RimWorld.StatRequest, Single ByRef) finished!

ROCKETMAN:[NOTANERROR] patching StatPart_Difficulty_MiningYield:Void TransformValue(RimWorld.StatRequest, Single ByRef) finished!

ROCKETMAN:[NOTANERROR] patching StatPart_Food:Void TransformValue(RimWorld.StatRequest, Single ByRef) finished!

ROCKETMAN:[NOTANERROR] patching StatPart_GearAndInventoryMass:Void TransformValue(RimWorld.StatRequest, Single ByRef) finished!

ROCKETMAN:[NOTANERROR] patching StatPart_Glow:Void TransformValue(RimWorld.StatRequest, Single ByRef) finished!

ROCKETMAN:[NOTANERROR] patching StatPart_IsCorpseFresh:Void TransformValue(RimWorld.StatRequest, Single ByRef) finished!

ROCKETMAN:[NOTANERROR] patching StatPart_IsFlesh:Void TransformValue(RimWorld.StatRequest, Single ByRef) finished!

ROCKETMAN:[NOTANERROR] patching StatPart_MaxChanceIfRotting:Void TransformValue(RimWorld.StatRequest, Single ByRef) finished!

ROCKETMAN:[NOTANERROR] patching StatPart_Mood:Void TransformValue(RimWorld.StatRequest, Single ByRef) finished!

ROCKETMAN:[NOTANERROR] patching StatPart_NaturalNotMissingBodyPartsCoverage:Void TransformValue(RimWorld.StatRequest, Single ByRef) finished!

ROCKETMAN:[NOTANERROR] patching StatPart_Outdoors:Void TransformValue(RimWorld.StatRequest, Single ByRef) finished!

ROCKETMAN:[NOTANERROR] patching StatPart_PlantGrowthNutritionFactor:Void TransformValue(RimWorld.StatRequest, Single ByRef) finished!

ROCKETMAN:[NOTANERROR] patching StatPart_Quality:Void TransformValue(RimWorld.StatRequest, Single ByRef) finished!

ROCKETMAN:[NOTANERROR] patching StatPart_ReloadMarketValue:Void TransformValue(RimWorld.StatRequest, Single ByRef) finished!

ROCKETMAN:[NOTANERROR] patching StatPart_Rest:Void TransformValue(RimWorld.StatRequest, Single ByRef) finished!

ROCKETMAN:[NOTANERROR] patching StatPart_Resting:Void TransformValue(RimWorld.StatRequest, Single ByRef) finished!

ROCKETMAN:[NOTANERROR] patching StatPart_RoomStat:Void TransformValue(RimWorld.StatRequest, Single ByRef) finished!

ROCKETMAN:[NOTANERROR] patching StatPart_Slaughtered:Void TransformValue(RimWorld.StatRequest, Single ByRef) finished!

ROCKETMAN:[NOTANERROR] patching StatPart_Stuff:Void TransformValue(RimWorld.StatRequest, Single ByRef) finished!

ROCKETMAN:[NOTANERROR] patching StatPart_UnfinishedThingIngredientsMass:Void TransformValue(RimWorld.StatRequest, Single ByRef) finished!

ROCKETMAN:[NOTANERROR] patching StatPart_WeaponTraitsMarketValueOffset:Void TransformValue(RimWorld.StatRequest, Single ByRef) finished!

ROCKETMAN:[NOTANERROR] patching StatPart_WildManOffset:Void TransformValue(RimWorld.StatRequest, Single ByRef) finished!

ROCKETMAN:[NOTANERROR] patching StatPart_WornByCorpse:Void TransformValue(RimWorld.StatRequest, Single ByRef) finished!

ROCKETMAN:[NOTANERROR] patching StatPart_WorkTableOutdoors:Void TransformValue(RimWorld.StatRequest, Single ByRef) finished!

ROCKETMAN:[NOTANERROR] patching StatPart_WorkTableTemperature:Void TransformValue(RimWorld.StatRequest, Single ByRef) finished!

ROCKETMAN:[NOTANERROR] patching StatPart_WorkTableUnpowered:Void TransformValue(RimWorld.StatRequest, Single ByRef) finished!

ROCKETMAN:[NOTANERROR] patching WaterValueStat:Void TransformValue(RimWorld.StatRequest, Single ByRef) finished!

ROCKETMAN:[NOTANERROR] patching WaterMassStat:Void TransformValue(RimWorld.StatRequest, Single ByRef) finished!

ROCKETMAN:[NOTANERROR] patching StatPart_ShieldStatFactor:Void TransformValue(RimWorld.StatRequest, Single ByRef) finished!

ROCKETMAN:[NOTANERROR] patching StatPart_Armor:Void TransformValue(RimWorld.StatRequest, Single ByRef) finished!

ROCKETMAN:[NOTANERROR] patching StatPart_BatteryCapacity:Void TransformValue(RimWorld.StatRequest, Single ByRef) finished!

ROCKETMAN:[NOTANERROR] patching StatPart_CarryingCapacity:Void TransformValue(RimWorld.StatRequest, Single ByRef) finished!

ROCKETMAN:[NOTANERROR] patching StatPart_FiringRate:Void TransformValue(RimWorld.StatRequest, Single ByRef) finished!

ROCKETMAN:[NOTANERROR] patching StatPart_PartConsumptionRate:Void TransformValue(RimWorld.StatRequest, Single ByRef) finished!

ROCKETMAN:[NOTANERROR] patching StatPart_PowerProduction:Void TransformValue(RimWorld.StatRequest, Single ByRef) finished!

ROCKETMAN:[NOTANERROR] patching StatPart_PowerRate:Void TransformValue(RimWorld.StatRequest, Single ByRef) finished!

ROCKETMAN:[NOTANERROR] patching StatPart_RechargeRate:Void TransformValue(RimWorld.StatRequest, Single ByRef) finished!

ROCKETMAN:[NOTANERROR] patching StatPart_LoadedAmmo:Void TransformValue(RimWorld.StatRequest, Single ByRef) finished!

ROCKETMAN:[NOTANERROR] patching StatPart_Armor:Void TransformValue(RimWorld.StatRequest, Single ByRef) finished!

ROCKETMAN:[NOTANERROR] patching StatPart_Riding:Void TransformValue(RimWorld.StatRequest, Single ByRef) finished!

ROCKETMAN:[NOTANERROR] patching StatPart_AGL:Void TransformValue(RimWorld.StatRequest, Single ByRef) finished!

ROCKETMAN:[NOTANERROR] patching StatPart_AGL_Aiming:Void TransformValue(RimWorld.StatRequest, Single ByRef) finished!

ROCKETMAN:[NOTANERROR] patching StatPart_CHA:Void TransformValue(RimWorld.StatRequest, Single ByRef) finished!

ROCKETMAN:[NOTANERROR] patching StatPart_CON:Void TransformValue(RimWorld.StatRequest, Single ByRef) finished!

ROCKETMAN:[NOTANERROR] patching StatPart_CON_CE_Suppressability:Void TransformValue(RimWorld.StatRequest, Single ByRef) finished!

ROCKETMAN:[NOTANERROR] patching StatPart_CON_ComfyTemperature_max:Void TransformValue(RimWorld.StatRequest, Single ByRef) finished!

ROCKETMAN:[NOTANERROR] patching StatPart_CON_ComfyTemperature_min:Void TransformValue(RimWorld.StatRequest, Single ByRef) finished!

ROCKETMAN:[NOTANERROR] patching StatPart_DEX:Void TransformValue(RimWorld.StatRequest, Single ByRef) finished!

ROCKETMAN:[NOTANERROR] patching StatPart_DEX_CE_Reloading:Void TransformValue(RimWorld.StatRequest, Single ByRef) finished!

ROCKETMAN:[NOTANERROR] patching StatPart_INT_Yield:Void TransformValue(RimWorld.StatRequest, Single ByRef) finished!

ROCKETMAN:[NOTANERROR] patching StatPart_INT:Void TransformValue(RimWorld.StatRequest, Single ByRef) finished!

ROCKETMAN:[NOTANERROR] patching StatPart_STR:Void TransformValue(RimWorld.StatRequest, Single ByRef) finished!

ROCKETMAN:[NOTANERROR] patching Text:UnityEngine.TextAnchor get_Anchor() finished!

ROCKETMAN:[NOTANERROR] patching Text:Void set_Anchor(UnityEngine.TextAnchor) finished!

ROCKETMAN:[NOTANERROR] patching Text:Boolean get_WordWrap() finished!

ROCKETMAN:[NOTANERROR] patching Text:Void set_WordWrap(Boolean) finished!

ROCKETMAN:[NOTANERROR] patching Text:Verse.GameFont get_Font() finished!

ROCKETMAN:[NOTANERROR] patching Text:Void set_Font(Verse.GameFont) finished!

ROCKETMAN:[NOTANERROR] patching Text:UnityEngine.GUIStyle get_CurFontStyle() finished!

ROCKETMAN:[NOTANERROR] patching Text:UnityEngine.GUIStyle get_CurTextAreaReadOnlyStyle() finished!

ROCKETMAN:[NOTANERROR] patching Text:UnityEngine.GUIStyle get_CurTextAreaStyle() finished!

ROCKETMAN:[NOTANERROR] patching Text:UnityEngine.GUIStyle get_CurTextFieldStyle() finished!

ROCKETMAN:[NOTANERROR] patching Faction:Void FactionTick() finished!

ROCKETMAN:[NOTANERROR] patching Pawn_ApparelTracker:Void Notify_ApparelAdded(RimWorld.Apparel) finished!

ROCKETMAN:[NOTANERROR] patching Pawn_ApparelTracker:Void Notify_ApparelRemoved(RimWorld.Apparel) finished!

ROCKETMAN:[NOTANERROR] patching Pawn_ApparelTracker:Void Notify_LostBodyPart() finished!

ROCKETMAN:[NOTANERROR] patching Pawn_ApparelTracker:Void ApparelChanged() finished!

ROCKETMAN:[NOTANERROR] patching Pawn_ApparelTracker:Void Wear(RimWorld.Apparel, Boolean, Boolean) finished!

ROCKETMAN:[NOTANERROR] patching Pawn_ApparelTracker:Void Remove(RimWorld.Apparel) finished!

ROCKETMAN:[NOTANERROR] patching Pawn_EquipmentTracker:Void Notify_EquipmentAdded(Verse.ThingWithComps) finished!

ROCKETMAN:[NOTANERROR] patching Pawn_EquipmentTracker:Void Notify_EquipmentRemoved(Verse.ThingWithComps) finished!

ROCKETMAN:[NOTANERROR] patching Pawn:Void Destroy(Verse.DestroyMode) finished!

ROCKETMAN:[NOTANERROR] patching Pawn:Void Notify_Teleported(Boolean, Boolean) finished!

ROCKETMAN:[NOTANERROR] patching Pawn:Void Notify_BulletImpactNearby(RimWorld.BulletImpactData) finished!

ROCKETMAN:[NOTANERROR] patching Pawn_HealthTracker:Void Notify_HediffChanged(Verse.Hediff) finished!

ROCKETMAN:[NOTANERROR] patching Pawn_HealthTracker:Void Notify_UsedVerb(Verse.Verb, Verse.LocalTargetInfo) finished!

ROCKETMAN:[NOTANERROR] patching Text:UnityEngine.Vector2 CalcSize(System.String) finished!

ROCKETMAN:[NOTANERROR] patching Text:Single CalcHeight(System.String, Single) finished!

ROCKETMAN:[NOTANERROR] patching WorldReachability:Boolean CanReach(Int32, Int32) finished!

Created ticker bucket: BaseInterval=250 BucketInterval=62

Bucket[0].Count = 1

Bucket[1].Count = 1

Bucket[2].Count = 1

Bucket[3].Count = 1

Created ticker bucket: BaseInterval=750 BucketInterval=750

Bucket[0].Count = 1

Created ticker bucket: BaseInterval=8000 BucketInterval=8000

Bucket[0].Count = 1

ROCKETMAN: Found function with attribute YieldTabContent, TabContent_Alerts:YieldTab

ROCKETMAN: Found function with attribute YieldTabContent, TabContent_DilationSettings:YieldTab

ROCKETMAN: Found function with attribute YieldTabContent, TabContent_Grapher:YieldTab

ROCKETMAN: Found function with attribute YieldTabContent, TabContent_WorldPawns:YieldTab
